<?xml version="1.0" encoding="UTF-8"?>
<testsuite xmlns:xsi="http://www.w3.org/2001/XMLSchema-instance" xsi:noNamespaceSchemaLocation="https://maven.apache.org/surefire/maven-surefire-plugin/xsd/surefire-test-report.xsd" name="com.nineleaps.expense_management_project.controller.ExcelControllerTest" time="0.075" tests="8" errors="0" skipped="0" failures="0">
  <properties>
    <property name="sun.desktop" value="gnome"/>
    <property name="awt.toolkit" value="sun.awt.X11.XToolkit"/>
    <property name="java.specification.version" value="11"/>
    <property name="sun.cpu.isalist" value=""/>
    <property name="sonar.login" value="sqp_fa18d404f4244ff740b5928c33baa5eab0b076e5"/>
    <property name="sonar.host.url" value="http://localhost:9000"/>
    <property name="sun.jnu.encoding" value="UTF-8"/>
    <property name="java.class.path" value="/home/nineleaps/Desktop/BillFold/BillFold/target/test-classes:/home/nineleaps/Desktop/BillFold/BillFold/target/classes:/home/nineleaps/.m2/repository/org/springframework/boot/spring-boot-starter-data-jpa/2.7.10/spring-boot-starter-data-jpa-2.7.10.jar:/home/nineleaps/.m2/repository/org/springframework/boot/spring-boot-starter-aop/2.7.10/spring-boot-starter-aop-2.7.10.jar:/home/nineleaps/.m2/repository/org/aspectj/aspectjweaver/1.9.7/aspectjweaver-1.9.7.jar:/home/nineleaps/.m2/repository/org/springframework/boot/spring-boot-starter-jdbc/2.7.10/spring-boot-starter-jdbc-2.7.10.jar:/home/nineleaps/.m2/repository/com/zaxxer/HikariCP/4.0.3/HikariCP-4.0.3.jar:/home/nineleaps/.m2/repository/org/springframework/spring-jdbc/5.3.26/spring-jdbc-5.3.26.jar:/home/nineleaps/.m2/repository/jakarta/transaction/jakarta.transaction-api/1.3.3/jakarta.transaction-api-1.3.3.jar:/home/nineleaps/.m2/repository/jakarta/persistence/jakarta.persistence-api/2.2.3/jakarta.persistence-api-2.2.3.jar:/home/nineleaps/.m2/repository/org/hibernate/hibernate-core/5.6.15.Final/hibernate-core-5.6.15.Final.jar:/home/nineleaps/.m2/repository/org/jboss/logging/jboss-logging/3.4.3.Final/jboss-logging-3.4.3.Final.jar:/home/nineleaps/.m2/repository/net/bytebuddy/byte-buddy/1.12.23/byte-buddy-1.12.23.jar:/home/nineleaps/.m2/repository/antlr/antlr/2.7.7/antlr-2.7.7.jar:/home/nineleaps/.m2/repository/org/jboss/jandex/2.4.2.Final/jandex-2.4.2.Final.jar:/home/nineleaps/.m2/repository/org/hibernate/common/hibernate-commons-annotations/5.1.2.Final/hibernate-commons-annotations-5.1.2.Final.jar:/home/nineleaps/.m2/repository/org/glassfish/jaxb/jaxb-runtime/2.3.8/jaxb-runtime-2.3.8.jar:/home/nineleaps/.m2/repository/org/glassfish/jaxb/txw2/2.3.8/txw2-2.3.8.jar:/home/nineleaps/.m2/repository/com/sun/istack/istack-commons-runtime/3.0.12/istack-commons-runtime-3.0.12.jar:/home/nineleaps/.m2/repository/org/springframework/data/spring-data-jpa/2.7.10/spring-data-jpa-2.7.10.jar:/home/nineleaps/.m2/repository/org/springframework/data/spring-data-commons/2.7.10/spring-data-commons-2.7.10.jar:/home/nineleaps/.m2/repository/org/springframework/spring-orm/5.3.26/spring-orm-5.3.26.jar:/home/nineleaps/.m2/repository/org/springframework/spring-context/5.3.26/spring-context-5.3.26.jar:/home/nineleaps/.m2/repository/org/springframework/spring-tx/5.3.26/spring-tx-5.3.26.jar:/home/nineleaps/.m2/repository/org/springframework/spring-beans/5.3.26/spring-beans-5.3.26.jar:/home/nineleaps/.m2/repository/org/springframework/spring-aspects/5.3.26/spring-aspects-5.3.26.jar:/home/nineleaps/.m2/repository/org/springframework/boot/spring-boot-starter-web/2.7.10/spring-boot-starter-web-2.7.10.jar:/home/nineleaps/.m2/repository/org/springframework/boot/spring-boot-starter/2.7.10/spring-boot-starter-2.7.10.jar:/home/nineleaps/.m2/repository/org/springframework/boot/spring-boot-starter-logging/2.7.10/spring-boot-starter-logging-2.7.10.jar:/home/nineleaps/.m2/repository/ch/qos/logback/logback-classic/1.2.11/logback-classic-1.2.11.jar:/home/nineleaps/.m2/repository/ch/qos/logback/logback-core/1.2.11/logback-core-1.2.11.jar:/home/nineleaps/.m2/repository/org/apache/logging/log4j/log4j-to-slf4j/2.17.2/log4j-to-slf4j-2.17.2.jar:/home/nineleaps/.m2/repository/org/apache/logging/log4j/log4j-api/2.17.2/log4j-api-2.17.2.jar:/home/nineleaps/.m2/repository/org/slf4j/jul-to-slf4j/1.7.36/jul-to-slf4j-1.7.36.jar:/home/nineleaps/.m2/repository/jakarta/annotation/jakarta.annotation-api/1.3.5/jakarta.annotation-api-1.3.5.jar:/home/nineleaps/.m2/repository/org/yaml/snakeyaml/1.30/snakeyaml-1.30.jar:/home/nineleaps/.m2/repository/org/springframework/boot/spring-boot-starter-json/2.7.10/spring-boot-starter-json-2.7.10.jar:/home/nineleaps/.m2/repository/com/fasterxml/jackson/datatype/jackson-datatype-jdk8/2.13.5/jackson-datatype-jdk8-2.13.5.jar:/home/nineleaps/.m2/repository/com/fasterxml/jackson/datatype/jackson-datatype-jsr310/2.13.5/jackson-datatype-jsr310-2.13.5.jar:/home/nineleaps/.m2/repository/com/fasterxml/jackson/module/jackson-module-parameter-names/2.13.5/jackson-module-parameter-names-2.13.5.jar:/home/nineleaps/.m2/repository/org/springframework/boot/spring-boot-starter-tomcat/2.7.10/spring-boot-starter-tomcat-2.7.10.jar:/home/nineleaps/.m2/repository/org/apache/tomcat/embed/tomcat-embed-core/9.0.73/tomcat-embed-core-9.0.73.jar:/home/nineleaps/.m2/repository/org/apache/tomcat/embed/tomcat-embed-el/9.0.73/tomcat-embed-el-9.0.73.jar:/home/nineleaps/.m2/repository/org/apache/tomcat/embed/tomcat-embed-websocket/9.0.73/tomcat-embed-websocket-9.0.73.jar:/home/nineleaps/.m2/repository/org/springframework/spring-web/5.3.26/spring-web-5.3.26.jar:/home/nineleaps/.m2/repository/org/springframework/spring-webmvc/5.3.26/spring-webmvc-5.3.26.jar:/home/nineleaps/.m2/repository/org/springframework/spring-expression/5.3.26/spring-expression-5.3.26.jar:/home/nineleaps/.m2/repository/org/springframework/boot/spring-boot-devtools/2.7.10/spring-boot-devtools-2.7.10.jar:/home/nineleaps/.m2/repository/org/springframework/boot/spring-boot/2.7.10/spring-boot-2.7.10.jar:/home/nineleaps/.m2/repository/org/springframework/boot/spring-boot-autoconfigure/2.7.10/spring-boot-autoconfigure-2.7.10.jar:/home/nineleaps/.m2/repository/com/mysql/mysql-connector-j/8.0.32/mysql-connector-j-8.0.32.jar:/home/nineleaps/.m2/repository/io/springfox/springfox-boot-starter/3.0.0/springfox-boot-starter-3.0.0.jar:/home/nineleaps/.m2/repository/io/springfox/springfox-oas/3.0.0/springfox-oas-3.0.0.jar:/home/nineleaps/.m2/repository/io/swagger/core/v3/swagger-annotations/2.1.2/swagger-annotations-2.1.2.jar:/home/nineleaps/.m2/repository/io/swagger/core/v3/swagger-models/2.1.2/swagger-models-2.1.2.jar:/home/nineleaps/.m2/repository/io/springfox/springfox-spi/3.0.0/springfox-spi-3.0.0.jar:/home/nineleaps/.m2/repository/io/springfox/springfox-schema/3.0.0/springfox-schema-3.0.0.jar:/home/nineleaps/.m2/repository/io/springfox/springfox-core/3.0.0/springfox-core-3.0.0.jar:/home/nineleaps/.m2/repository/io/springfox/springfox-spring-web/3.0.0/springfox-spring-web-3.0.0.jar:/home/nineleaps/.m2/repository/io/github/classgraph/classgraph/4.8.83/classgraph-4.8.83.jar:/home/nineleaps/.m2/repository/io/springfox/springfox-spring-webmvc/3.0.0/springfox-spring-webmvc-3.0.0.jar:/home/nineleaps/.m2/repository/io/springfox/springfox-spring-webflux/3.0.0/springfox-spring-webflux-3.0.0.jar:/home/nineleaps/.m2/repository/io/springfox/springfox-swagger-common/3.0.0/springfox-swagger-common-3.0.0.jar:/home/nineleaps/.m2/repository/org/mapstruct/mapstruct/1.3.1.Final/mapstruct-1.3.1.Final.jar:/home/nineleaps/.m2/repository/io/springfox/springfox-data-rest/3.0.0/springfox-data-rest-3.0.0.jar:/home/nineleaps/.m2/repository/io/springfox/springfox-bean-validators/3.0.0/springfox-bean-validators-3.0.0.jar:/home/nineleaps/.m2/repository/io/springfox/springfox-swagger2/3.0.0/springfox-swagger2-3.0.0.jar:/home/nineleaps/.m2/repository/io/swagger/swagger-annotations/1.5.20/swagger-annotations-1.5.20.jar:/home/nineleaps/.m2/repository/io/swagger/swagger-models/1.5.20/swagger-models-1.5.20.jar:/home/nineleaps/.m2/repository/io/springfox/springfox-swagger-ui/3.0.0/springfox-swagger-ui-3.0.0.jar:/home/nineleaps/.m2/repository/com/fasterxml/classmate/1.5.1/classmate-1.5.1.jar:/home/nineleaps/.m2/repository/org/slf4j/slf4j-api/1.7.36/slf4j-api-1.7.36.jar:/home/nineleaps/.m2/repository/org/springframework/plugin/spring-plugin-core/2.0.0.RELEASE/spring-plugin-core-2.0.0.RELEASE.jar:/home/nineleaps/.m2/repository/org/springframework/plugin/spring-plugin-metadata/2.0.0.RELEASE/spring-plugin-metadata-2.0.0.RELEASE.jar:/home/nineleaps/.m2/repository/org/springframework/boot/spring-boot-starter-test/2.7.10/spring-boot-starter-test-2.7.10.jar:/home/nineleaps/.m2/repository/org/springframework/boot/spring-boot-test/2.7.10/spring-boot-test-2.7.10.jar:/home/nineleaps/.m2/repository/org/springframework/boot/spring-boot-test-autoconfigure/2.7.10/spring-boot-test-autoconfigure-2.7.10.jar:/home/nineleaps/.m2/repository/com/jayway/jsonpath/json-path/2.7.0/json-path-2.7.0.jar:/home/nineleaps/.m2/repository/net/minidev/json-smart/2.4.10/json-smart-2.4.10.jar:/home/nineleaps/.m2/repository/net/minidev/accessors-smart/2.4.9/accessors-smart-2.4.9.jar:/home/nineleaps/.m2/repository/org/ow2/asm/asm/9.3/asm-9.3.jar:/home/nineleaps/.m2/repository/jakarta/xml/bind/jakarta.xml.bind-api/2.3.3/jakarta.xml.bind-api-2.3.3.jar:/home/nineleaps/.m2/repository/jakarta/activation/jakarta.activation-api/1.2.2/jakarta.activation-api-1.2.2.jar:/home/nineleaps/.m2/repository/org/assertj/assertj-core/3.22.0/assertj-core-3.22.0.jar:/home/nineleaps/.m2/repository/org/hamcrest/hamcrest/2.2/hamcrest-2.2.jar:/home/nineleaps/.m2/repository/org/junit/jupiter/junit-jupiter/5.8.2/junit-jupiter-5.8.2.jar:/home/nineleaps/.m2/repository/org/junit/jupiter/junit-jupiter-api/5.8.2/junit-jupiter-api-5.8.2.jar:/home/nineleaps/.m2/repository/org/opentest4j/opentest4j/1.2.0/opentest4j-1.2.0.jar:/home/nineleaps/.m2/repository/org/junit/platform/junit-platform-commons/1.8.2/junit-platform-commons-1.8.2.jar:/home/nineleaps/.m2/repository/org/apiguardian/apiguardian-api/1.1.2/apiguardian-api-1.1.2.jar:/home/nineleaps/.m2/repository/org/junit/jupiter/junit-jupiter-params/5.8.2/junit-jupiter-params-5.8.2.jar:/home/nineleaps/.m2/repository/org/junit/jupiter/junit-jupiter-engine/5.8.2/junit-jupiter-engine-5.8.2.jar:/home/nineleaps/.m2/repository/org/junit/platform/junit-platform-engine/1.8.2/junit-platform-engine-1.8.2.jar:/home/nineleaps/.m2/repository/org/mockito/mockito-core/4.5.1/mockito-core-4.5.1.jar:/home/nineleaps/.m2/repository/net/bytebuddy/byte-buddy-agent/1.12.23/byte-buddy-agent-1.12.23.jar:/home/nineleaps/.m2/repository/org/objenesis/objenesis/3.2/objenesis-3.2.jar:/home/nineleaps/.m2/repository/org/mockito/mockito-junit-jupiter/4.5.1/mockito-junit-jupiter-4.5.1.jar:/home/nineleaps/.m2/repository/org/skyscreamer/jsonassert/1.5.1/jsonassert-1.5.1.jar:/home/nineleaps/.m2/repository/com/vaadin/external/google/android-json/0.0.20131108.vaadin1/android-json-0.0.20131108.vaadin1.jar:/home/nineleaps/.m2/repository/org/springframework/spring-core/5.3.26/spring-core-5.3.26.jar:/home/nineleaps/.m2/repository/org/springframework/spring-jcl/5.3.26/spring-jcl-5.3.26.jar:/home/nineleaps/.m2/repository/org/springframework/spring-test/5.3.26/spring-test-5.3.26.jar:/home/nineleaps/.m2/repository/org/xmlunit/xmlunit-core/2.9.1/xmlunit-core-2.9.1.jar:/home/nineleaps/.m2/repository/com/github/librepdf/openpdf/1.3.30/openpdf-1.3.30.jar:/home/nineleaps/.m2/repository/com/google/code/findbugs/jsr305/3.0.2/jsr305-3.0.2.jar:/home/nineleaps/.m2/repository/org/projectlombok/lombok/1.18.26/lombok-1.18.26.jar:/home/nineleaps/.m2/repository/com/googlecode/json-simple/json-simple/1.1.1/json-simple-1.1.1.jar:/home/nineleaps/.m2/repository/io/jsonwebtoken/jjwt/0.9.1/jjwt-0.9.1.jar:/home/nineleaps/.m2/repository/com/auth0/java-jwt/3.8.1/java-jwt-3.8.1.jar:/home/nineleaps/.m2/repository/commons-codec/commons-codec/1.15/commons-codec-1.15.jar:/home/nineleaps/.m2/repository/com/sun/mail/javax.mail/1.6.2/javax.mail-1.6.2.jar:/home/nineleaps/.m2/repository/javax/activation/activation/1.1/activation-1.1.jar:/home/nineleaps/.m2/repository/junit/junit/4.13.2/junit-4.13.2.jar:/home/nineleaps/.m2/repository/org/hamcrest/hamcrest-core/2.2/hamcrest-core-2.2.jar:/home/nineleaps/.m2/repository/org/springframework/boot/spring-boot-starter-mail/2.7.10/spring-boot-starter-mail-2.7.10.jar:/home/nineleaps/.m2/repository/org/springframework/spring-context-support/5.3.26/spring-context-support-5.3.26.jar:/home/nineleaps/.m2/repository/com/sun/mail/jakarta.mail/1.6.7/jakarta.mail-1.6.7.jar:/home/nineleaps/.m2/repository/com/sun/activation/jakarta.activation/1.2.2/jakarta.activation-1.2.2.jar:/home/nineleaps/.m2/repository/org/apache/httpcomponents/httpclient/4.5.14/httpclient-4.5.14.jar:/home/nineleaps/.m2/repository/org/apache/httpcomponents/httpcore/4.4.16/httpcore-4.4.16.jar:/home/nineleaps/.m2/repository/com/google/zxing/core/3.4.1/core-3.4.1.jar:/home/nineleaps/.m2/repository/com/google/zxing/javase/3.4.1/javase-3.4.1.jar:/home/nineleaps/.m2/repository/com/beust/jcommander/1.78/jcommander-1.78.jar:/home/nineleaps/.m2/repository/com/github/jai-imageio/jai-imageio-core/1.4.0/jai-imageio-core-1.4.0.jar:/home/nineleaps/.m2/repository/com/fasterxml/jackson/core/jackson-databind/2.12.5/jackson-databind-2.12.5.jar:/home/nineleaps/.m2/repository/com/fasterxml/jackson/core/jackson-annotations/2.13.5/jackson-annotations-2.13.5.jar:/home/nineleaps/.m2/repository/com/fasterxml/jackson/core/jackson-core/2.13.5/jackson-core-2.13.5.jar:/home/nineleaps/.m2/repository/org/apache/poi/poi-ooxml/4.1.0/poi-ooxml-4.1.0.jar:/home/nineleaps/.m2/repository/org/apache/poi/poi-ooxml-schemas/4.1.0/poi-ooxml-schemas-4.1.0.jar:/home/nineleaps/.m2/repository/org/apache/xmlbeans/xmlbeans/3.1.0/xmlbeans-3.1.0.jar:/home/nineleaps/.m2/repository/org/apache/commons/commons-compress/1.18/commons-compress-1.18.jar:/home/nineleaps/.m2/repository/com/github/virtuald/curvesapi/1.06/curvesapi-1.06.jar:/home/nineleaps/.m2/repository/org/apache/poi/poi/3.17/poi-3.17.jar:/home/nineleaps/.m2/repository/org/apache/commons/commons-collections4/4.1/commons-collections4-4.1.jar:/home/nineleaps/.m2/repository/org/jfree/jfreechart/1.5.3/jfreechart-1.5.3.jar:/home/nineleaps/.m2/repository/org/springframework/boot/spring-boot-starter-security/2.7.10/spring-boot-starter-security-2.7.10.jar:/home/nineleaps/.m2/repository/org/springframework/spring-aop/5.3.26/spring-aop-5.3.26.jar:/home/nineleaps/.m2/repository/org/springframework/security/spring-security-config/5.7.7/spring-security-config-5.7.7.jar:/home/nineleaps/.m2/repository/org/springframework/security/spring-security-core/5.7.7/spring-security-core-5.7.7.jar:/home/nineleaps/.m2/repository/org/springframework/security/spring-security-crypto/5.7.7/spring-security-crypto-5.7.7.jar:/home/nineleaps/.m2/repository/org/springframework/security/spring-security-web/5.7.7/spring-security-web-5.7.7.jar:/home/nineleaps/.m2/repository/com/google/firebase/firebase-admin/6.11.0/firebase-admin-6.11.0.jar:/home/nineleaps/.m2/repository/com/google/api-client/google-api-client/1.30.1/google-api-client-1.30.1.jar:/home/nineleaps/.m2/repository/com/google/oauth-client/google-oauth-client/1.30.1/google-oauth-client-1.30.1.jar:/home/nineleaps/.m2/repository/com/google/http-client/google-http-client-jackson2/1.30.1/google-http-client-jackson2-1.30.1.jar:/home/nineleaps/.m2/repository/com/google/api-client/google-api-client-gson/1.30.1/google-api-client-gson-1.30.1.jar:/home/nineleaps/.m2/repository/com/google/http-client/google-http-client-gson/1.30.1/google-http-client-gson-1.30.1.jar:/home/nineleaps/.m2/repository/com/google/code/gson/gson/2.9.1/gson-2.9.1.jar:/home/nineleaps/.m2/repository/com/google/http-client/google-http-client/1.30.1/google-http-client-1.30.1.jar:/home/nineleaps/.m2/repository/com/google/j2objc/j2objc-annotations/1.3/j2objc-annotations-1.3.jar:/home/nineleaps/.m2/repository/io/opencensus/opencensus-api/0.21.0/opencensus-api-0.21.0.jar:/home/nineleaps/.m2/repository/io/grpc/grpc-context/1.19.0/grpc-context-1.19.0.jar:/home/nineleaps/.m2/repository/io/opencensus/opencensus-contrib-http-util/0.21.0/opencensus-contrib-http-util-0.21.0.jar:/home/nineleaps/.m2/repository/com/google/api/api-common/1.8.1/api-common-1.8.1.jar:/home/nineleaps/.m2/repository/javax/annotation/javax.annotation-api/1.3.2/javax.annotation-api-1.3.2.jar:/home/nineleaps/.m2/repository/com/google/auth/google-auth-library-oauth2-http/0.17.1/google-auth-library-oauth2-http-0.17.1.jar:/home/nineleaps/.m2/repository/com/google/auto/value/auto-value-annotations/1.6.6/auto-value-annotations-1.6.6.jar:/home/nineleaps/.m2/repository/com/google/auth/google-auth-library-credentials/0.17.1/google-auth-library-credentials-0.17.1.jar:/home/nineleaps/.m2/repository/com/google/cloud/google-cloud-storage/1.91.0/google-cloud-storage-1.91.0.jar:/home/nineleaps/.m2/repository/com/google/cloud/google-cloud-core-http/1.90.0/google-cloud-core-http-1.90.0.jar:/home/nineleaps/.m2/repository/com/google/cloud/google-cloud-core/1.90.0/google-cloud-core-1.90.0.jar:/home/nineleaps/.m2/repository/com/google/api/gax/1.48.1/gax-1.48.1.jar:/home/nineleaps/.m2/repository/com/google/protobuf/protobuf-java-util/3.9.1/protobuf-java-util-3.9.1.jar:/home/nineleaps/.m2/repository/com/google/errorprone/error_prone_annotations/2.3.2/error_prone_annotations-2.3.2.jar:/home/nineleaps/.m2/repository/com/google/api/grpc/proto-google-iam-v1/0.12.0/proto-google-iam-v1-0.12.0.jar:/home/nineleaps/.m2/repository/com/google/http-client/google-http-client-appengine/1.31.0/google-http-client-appengine-1.31.0.jar:/home/nineleaps/.m2/repository/com/google/api/gax-httpjson/0.65.1/gax-httpjson-0.65.1.jar:/home/nineleaps/.m2/repository/org/threeten/threetenbp/1.3.3/threetenbp-1.3.3.jar:/home/nineleaps/.m2/repository/com/google/apis/google-api-services-storage/v1-rev20190624-1.30.1/google-api-services-storage-v1-rev20190624-1.30.1.jar:/home/nineleaps/.m2/repository/com/google/cloud/google-cloud-firestore/1.21.0/google-cloud-firestore-1.21.0.jar:/home/nineleaps/.m2/repository/com/google/cloud/google-cloud-core-grpc/1.90.0/google-cloud-core-grpc-1.90.0.jar:/home/nineleaps/.m2/repository/com/google/api/gax-grpc/1.48.1/gax-grpc-1.48.1.jar:/home/nineleaps/.m2/repository/io/grpc/grpc-stub/1.23.0/grpc-stub-1.23.0.jar:/home/nineleaps/.m2/repository/io/grpc/grpc-api/1.23.0/grpc-api-1.23.0.jar:/home/nineleaps/.m2/repository/io/grpc/grpc-auth/1.23.0/grpc-auth-1.23.0.jar:/home/nineleaps/.m2/repository/io/grpc/grpc-protobuf/1.23.0/grpc-protobuf-1.23.0.jar:/home/nineleaps/.m2/repository/io/grpc/grpc-protobuf-lite/1.23.0/grpc-protobuf-lite-1.23.0.jar:/home/nineleaps/.m2/repository/io/grpc/grpc-netty-shaded/1.23.0/grpc-netty-shaded-1.23.0.jar:/home/nineleaps/.m2/repository/io/grpc/grpc-core/1.23.0/grpc-core-1.23.0.jar:/home/nineleaps/.m2/repository/com/google/android/annotations/4.1.1.4/annotations-4.1.1.4.jar:/home/nineleaps/.m2/repository/io/perfmark/perfmark-api/0.17.0/perfmark-api-0.17.0.jar:/home/nineleaps/.m2/repository/io/opencensus/opencensus-contrib-grpc-metrics/0.21.0/opencensus-contrib-grpc-metrics-0.21.0.jar:/home/nineleaps/.m2/repository/io/grpc/grpc-alts/1.23.0/grpc-alts-1.23.0.jar:/home/nineleaps/.m2/repository/io/grpc/grpc-grpclb/1.23.0/grpc-grpclb-1.23.0.jar:/home/nineleaps/.m2/repository/org/apache/commons/commons-lang3/3.12.0/commons-lang3-3.12.0.jar:/home/nineleaps/.m2/repository/com/google/api/grpc/proto-google-cloud-firestore-admin-v1/1.21.0/proto-google-cloud-firestore-admin-v1-1.21.0.jar:/home/nineleaps/.m2/repository/com/google/protobuf/protobuf-java/3.9.1/protobuf-java-3.9.1.jar:/home/nineleaps/.m2/repository/com/google/api/grpc/proto-google-common-protos/1.16.0/proto-google-common-protos-1.16.0.jar:/home/nineleaps/.m2/repository/com/google/api/grpc/proto-google-cloud-firestore-v1/1.21.0/proto-google-cloud-firestore-v1-1.21.0.jar:/home/nineleaps/.m2/repository/com/google/api/grpc/proto-google-cloud-firestore-v1beta1/0.74.0/proto-google-cloud-firestore-v1beta1-0.74.0.jar:/home/nineleaps/.m2/repository/io/opencensus/opencensus-contrib-grpc-util/0.23.0/opencensus-contrib-grpc-util-0.23.0.jar:/home/nineleaps/.m2/repository/com/google/guava/guava/26.0-android/guava-26.0-android.jar:/home/nineleaps/.m2/repository/org/checkerframework/checker-compat-qual/2.5.2/checker-compat-qual-2.5.2.jar:/home/nineleaps/.m2/repository/org/codehaus/mojo/animal-sniffer-annotations/1.14/animal-sniffer-annotations-1.14.jar:/home/nineleaps/.m2/repository/io/netty/netty-codec-http/4.1.90.Final/netty-codec-http-4.1.90.Final.jar:/home/nineleaps/.m2/repository/io/netty/netty-common/4.1.90.Final/netty-common-4.1.90.Final.jar:/home/nineleaps/.m2/repository/io/netty/netty-buffer/4.1.90.Final/netty-buffer-4.1.90.Final.jar:/home/nineleaps/.m2/repository/io/netty/netty-codec/4.1.90.Final/netty-codec-4.1.90.Final.jar:/home/nineleaps/.m2/repository/io/netty/netty-handler/4.1.90.Final/netty-handler-4.1.90.Final.jar:/home/nineleaps/.m2/repository/io/netty/netty-resolver/4.1.90.Final/netty-resolver-4.1.90.Final.jar:/home/nineleaps/.m2/repository/io/netty/netty-transport-native-unix-common/4.1.90.Final/netty-transport-native-unix-common-4.1.90.Final.jar:/home/nineleaps/.m2/repository/io/netty/netty-transport/4.1.90.Final/netty-transport-4.1.90.Final.jar:"/>
    <property name="java.vm.vendor" value="Ubuntu"/>
    <property name="sun.arch.data.model" value="64"/>
    <property name="java.vendor.url" value="https://ubuntu.com/"/>
    <property name="user.timezone" value=""/>
    <property name="java.vm.specification.version" value="11"/>
    <property name="os.name" value="Linux"/>
    <property name="sun.java.launcher" value="SUN_STANDARD"/>
    <property name="user.country" value="US"/>
    <property name="sun.boot.library.path" value="/usr/lib/jvm/java-11-openjdk-amd64/lib"/>
    <property name="sun.java.command" value="/home/nineleaps/Desktop/BillFold/BillFold/target/surefire/surefirebooter14572892767875692690.jar /home/nineleaps/Desktop/BillFold/BillFold/target/surefire 2023-09-25T15-00-11_790-jvmRun1 surefire9795417387904427475tmp surefire_012848921920696560830tmp"/>
    <property name="jdk.debug" value="release"/>
    <property name="surefire.test.class.path" value="/home/nineleaps/Desktop/BillFold/BillFold/target/test-classes:/home/nineleaps/Desktop/BillFold/BillFold/target/classes:/home/nineleaps/.m2/repository/org/springframework/boot/spring-boot-starter-data-jpa/2.7.10/spring-boot-starter-data-jpa-2.7.10.jar:/home/nineleaps/.m2/repository/org/springframework/boot/spring-boot-starter-aop/2.7.10/spring-boot-starter-aop-2.7.10.jar:/home/nineleaps/.m2/repository/org/aspectj/aspectjweaver/1.9.7/aspectjweaver-1.9.7.jar:/home/nineleaps/.m2/repository/org/springframework/boot/spring-boot-starter-jdbc/2.7.10/spring-boot-starter-jdbc-2.7.10.jar:/home/nineleaps/.m2/repository/com/zaxxer/HikariCP/4.0.3/HikariCP-4.0.3.jar:/home/nineleaps/.m2/repository/org/springframework/spring-jdbc/5.3.26/spring-jdbc-5.3.26.jar:/home/nineleaps/.m2/repository/jakarta/transaction/jakarta.transaction-api/1.3.3/jakarta.transaction-api-1.3.3.jar:/home/nineleaps/.m2/repository/jakarta/persistence/jakarta.persistence-api/2.2.3/jakarta.persistence-api-2.2.3.jar:/home/nineleaps/.m2/repository/org/hibernate/hibernate-core/5.6.15.Final/hibernate-core-5.6.15.Final.jar:/home/nineleaps/.m2/repository/org/jboss/logging/jboss-logging/3.4.3.Final/jboss-logging-3.4.3.Final.jar:/home/nineleaps/.m2/repository/net/bytebuddy/byte-buddy/1.12.23/byte-buddy-1.12.23.jar:/home/nineleaps/.m2/repository/antlr/antlr/2.7.7/antlr-2.7.7.jar:/home/nineleaps/.m2/repository/org/jboss/jandex/2.4.2.Final/jandex-2.4.2.Final.jar:/home/nineleaps/.m2/repository/org/hibernate/common/hibernate-commons-annotations/5.1.2.Final/hibernate-commons-annotations-5.1.2.Final.jar:/home/nineleaps/.m2/repository/org/glassfish/jaxb/jaxb-runtime/2.3.8/jaxb-runtime-2.3.8.jar:/home/nineleaps/.m2/repository/org/glassfish/jaxb/txw2/2.3.8/txw2-2.3.8.jar:/home/nineleaps/.m2/repository/com/sun/istack/istack-commons-runtime/3.0.12/istack-commons-runtime-3.0.12.jar:/home/nineleaps/.m2/repository/org/springframework/data/spring-data-jpa/2.7.10/spring-data-jpa-2.7.10.jar:/home/nineleaps/.m2/repository/org/springframework/data/spring-data-commons/2.7.10/spring-data-commons-2.7.10.jar:/home/nineleaps/.m2/repository/org/springframework/spring-orm/5.3.26/spring-orm-5.3.26.jar:/home/nineleaps/.m2/repository/org/springframework/spring-context/5.3.26/spring-context-5.3.26.jar:/home/nineleaps/.m2/repository/org/springframework/spring-tx/5.3.26/spring-tx-5.3.26.jar:/home/nineleaps/.m2/repository/org/springframework/spring-beans/5.3.26/spring-beans-5.3.26.jar:/home/nineleaps/.m2/repository/org/springframework/spring-aspects/5.3.26/spring-aspects-5.3.26.jar:/home/nineleaps/.m2/repository/org/springframework/boot/spring-boot-starter-web/2.7.10/spring-boot-starter-web-2.7.10.jar:/home/nineleaps/.m2/repository/org/springframework/boot/spring-boot-starter/2.7.10/spring-boot-starter-2.7.10.jar:/home/nineleaps/.m2/repository/org/springframework/boot/spring-boot-starter-logging/2.7.10/spring-boot-starter-logging-2.7.10.jar:/home/nineleaps/.m2/repository/ch/qos/logback/logback-classic/1.2.11/logback-classic-1.2.11.jar:/home/nineleaps/.m2/repository/ch/qos/logback/logback-core/1.2.11/logback-core-1.2.11.jar:/home/nineleaps/.m2/repository/org/apache/logging/log4j/log4j-to-slf4j/2.17.2/log4j-to-slf4j-2.17.2.jar:/home/nineleaps/.m2/repository/org/apache/logging/log4j/log4j-api/2.17.2/log4j-api-2.17.2.jar:/home/nineleaps/.m2/repository/org/slf4j/jul-to-slf4j/1.7.36/jul-to-slf4j-1.7.36.jar:/home/nineleaps/.m2/repository/jakarta/annotation/jakarta.annotation-api/1.3.5/jakarta.annotation-api-1.3.5.jar:/home/nineleaps/.m2/repository/org/yaml/snakeyaml/1.30/snakeyaml-1.30.jar:/home/nineleaps/.m2/repository/org/springframework/boot/spring-boot-starter-json/2.7.10/spring-boot-starter-json-2.7.10.jar:/home/nineleaps/.m2/repository/com/fasterxml/jackson/datatype/jackson-datatype-jdk8/2.13.5/jackson-datatype-jdk8-2.13.5.jar:/home/nineleaps/.m2/repository/com/fasterxml/jackson/datatype/jackson-datatype-jsr310/2.13.5/jackson-datatype-jsr310-2.13.5.jar:/home/nineleaps/.m2/repository/com/fasterxml/jackson/module/jackson-module-parameter-names/2.13.5/jackson-module-parameter-names-2.13.5.jar:/home/nineleaps/.m2/repository/org/springframework/boot/spring-boot-starter-tomcat/2.7.10/spring-boot-starter-tomcat-2.7.10.jar:/home/nineleaps/.m2/repository/org/apache/tomcat/embed/tomcat-embed-core/9.0.73/tomcat-embed-core-9.0.73.jar:/home/nineleaps/.m2/repository/org/apache/tomcat/embed/tomcat-embed-el/9.0.73/tomcat-embed-el-9.0.73.jar:/home/nineleaps/.m2/repository/org/apache/tomcat/embed/tomcat-embed-websocket/9.0.73/tomcat-embed-websocket-9.0.73.jar:/home/nineleaps/.m2/repository/org/springframework/spring-web/5.3.26/spring-web-5.3.26.jar:/home/nineleaps/.m2/repository/org/springframework/spring-webmvc/5.3.26/spring-webmvc-5.3.26.jar:/home/nineleaps/.m2/repository/org/springframework/spring-expression/5.3.26/spring-expression-5.3.26.jar:/home/nineleaps/.m2/repository/org/springframework/boot/spring-boot-devtools/2.7.10/spring-boot-devtools-2.7.10.jar:/home/nineleaps/.m2/repository/org/springframework/boot/spring-boot/2.7.10/spring-boot-2.7.10.jar:/home/nineleaps/.m2/repository/org/springframework/boot/spring-boot-autoconfigure/2.7.10/spring-boot-autoconfigure-2.7.10.jar:/home/nineleaps/.m2/repository/com/mysql/mysql-connector-j/8.0.32/mysql-connector-j-8.0.32.jar:/home/nineleaps/.m2/repository/io/springfox/springfox-boot-starter/3.0.0/springfox-boot-starter-3.0.0.jar:/home/nineleaps/.m2/repository/io/springfox/springfox-oas/3.0.0/springfox-oas-3.0.0.jar:/home/nineleaps/.m2/repository/io/swagger/core/v3/swagger-annotations/2.1.2/swagger-annotations-2.1.2.jar:/home/nineleaps/.m2/repository/io/swagger/core/v3/swagger-models/2.1.2/swagger-models-2.1.2.jar:/home/nineleaps/.m2/repository/io/springfox/springfox-spi/3.0.0/springfox-spi-3.0.0.jar:/home/nineleaps/.m2/repository/io/springfox/springfox-schema/3.0.0/springfox-schema-3.0.0.jar:/home/nineleaps/.m2/repository/io/springfox/springfox-core/3.0.0/springfox-core-3.0.0.jar:/home/nineleaps/.m2/repository/io/springfox/springfox-spring-web/3.0.0/springfox-spring-web-3.0.0.jar:/home/nineleaps/.m2/repository/io/github/classgraph/classgraph/4.8.83/classgraph-4.8.83.jar:/home/nineleaps/.m2/repository/io/springfox/springfox-spring-webmvc/3.0.0/springfox-spring-webmvc-3.0.0.jar:/home/nineleaps/.m2/repository/io/springfox/springfox-spring-webflux/3.0.0/springfox-spring-webflux-3.0.0.jar:/home/nineleaps/.m2/repository/io/springfox/springfox-swagger-common/3.0.0/springfox-swagger-common-3.0.0.jar:/home/nineleaps/.m2/repository/org/mapstruct/mapstruct/1.3.1.Final/mapstruct-1.3.1.Final.jar:/home/nineleaps/.m2/repository/io/springfox/springfox-data-rest/3.0.0/springfox-data-rest-3.0.0.jar:/home/nineleaps/.m2/repository/io/springfox/springfox-bean-validators/3.0.0/springfox-bean-validators-3.0.0.jar:/home/nineleaps/.m2/repository/io/springfox/springfox-swagger2/3.0.0/springfox-swagger2-3.0.0.jar:/home/nineleaps/.m2/repository/io/swagger/swagger-annotations/1.5.20/swagger-annotations-1.5.20.jar:/home/nineleaps/.m2/repository/io/swagger/swagger-models/1.5.20/swagger-models-1.5.20.jar:/home/nineleaps/.m2/repository/io/springfox/springfox-swagger-ui/3.0.0/springfox-swagger-ui-3.0.0.jar:/home/nineleaps/.m2/repository/com/fasterxml/classmate/1.5.1/classmate-1.5.1.jar:/home/nineleaps/.m2/repository/org/slf4j/slf4j-api/1.7.36/slf4j-api-1.7.36.jar:/home/nineleaps/.m2/repository/org/springframework/plugin/spring-plugin-core/2.0.0.RELEASE/spring-plugin-core-2.0.0.RELEASE.jar:/home/nineleaps/.m2/repository/org/springframework/plugin/spring-plugin-metadata/2.0.0.RELEASE/spring-plugin-metadata-2.0.0.RELEASE.jar:/home/nineleaps/.m2/repository/org/springframework/boot/spring-boot-starter-test/2.7.10/spring-boot-starter-test-2.7.10.jar:/home/nineleaps/.m2/repository/org/springframework/boot/spring-boot-test/2.7.10/spring-boot-test-2.7.10.jar:/home/nineleaps/.m2/repository/org/springframework/boot/spring-boot-test-autoconfigure/2.7.10/spring-boot-test-autoconfigure-2.7.10.jar:/home/nineleaps/.m2/repository/com/jayway/jsonpath/json-path/2.7.0/json-path-2.7.0.jar:/home/nineleaps/.m2/repository/net/minidev/json-smart/2.4.10/json-smart-2.4.10.jar:/home/nineleaps/.m2/repository/net/minidev/accessors-smart/2.4.9/accessors-smart-2.4.9.jar:/home/nineleaps/.m2/repository/org/ow2/asm/asm/9.3/asm-9.3.jar:/home/nineleaps/.m2/repository/jakarta/xml/bind/jakarta.xml.bind-api/2.3.3/jakarta.xml.bind-api-2.3.3.jar:/home/nineleaps/.m2/repository/jakarta/activation/jakarta.activation-api/1.2.2/jakarta.activation-api-1.2.2.jar:/home/nineleaps/.m2/repository/org/assertj/assertj-core/3.22.0/assertj-core-3.22.0.jar:/home/nineleaps/.m2/repository/org/hamcrest/hamcrest/2.2/hamcrest-2.2.jar:/home/nineleaps/.m2/repository/org/junit/jupiter/junit-jupiter/5.8.2/junit-jupiter-5.8.2.jar:/home/nineleaps/.m2/repository/org/junit/jupiter/junit-jupiter-api/5.8.2/junit-jupiter-api-5.8.2.jar:/home/nineleaps/.m2/repository/org/opentest4j/opentest4j/1.2.0/opentest4j-1.2.0.jar:/home/nineleaps/.m2/repository/org/junit/platform/junit-platform-commons/1.8.2/junit-platform-commons-1.8.2.jar:/home/nineleaps/.m2/repository/org/apiguardian/apiguardian-api/1.1.2/apiguardian-api-1.1.2.jar:/home/nineleaps/.m2/repository/org/junit/jupiter/junit-jupiter-params/5.8.2/junit-jupiter-params-5.8.2.jar:/home/nineleaps/.m2/repository/org/junit/jupiter/junit-jupiter-engine/5.8.2/junit-jupiter-engine-5.8.2.jar:/home/nineleaps/.m2/repository/org/junit/platform/junit-platform-engine/1.8.2/junit-platform-engine-1.8.2.jar:/home/nineleaps/.m2/repository/org/mockito/mockito-core/4.5.1/mockito-core-4.5.1.jar:/home/nineleaps/.m2/repository/net/bytebuddy/byte-buddy-agent/1.12.23/byte-buddy-agent-1.12.23.jar:/home/nineleaps/.m2/repository/org/objenesis/objenesis/3.2/objenesis-3.2.jar:/home/nineleaps/.m2/repository/org/mockito/mockito-junit-jupiter/4.5.1/mockito-junit-jupiter-4.5.1.jar:/home/nineleaps/.m2/repository/org/skyscreamer/jsonassert/1.5.1/jsonassert-1.5.1.jar:/home/nineleaps/.m2/repository/com/vaadin/external/google/android-json/0.0.20131108.vaadin1/android-json-0.0.20131108.vaadin1.jar:/home/nineleaps/.m2/repository/org/springframework/spring-core/5.3.26/spring-core-5.3.26.jar:/home/nineleaps/.m2/repository/org/springframework/spring-jcl/5.3.26/spring-jcl-5.3.26.jar:/home/nineleaps/.m2/repository/org/springframework/spring-test/5.3.26/spring-test-5.3.26.jar:/home/nineleaps/.m2/repository/org/xmlunit/xmlunit-core/2.9.1/xmlunit-core-2.9.1.jar:/home/nineleaps/.m2/repository/com/github/librepdf/openpdf/1.3.30/openpdf-1.3.30.jar:/home/nineleaps/.m2/repository/com/google/code/findbugs/jsr305/3.0.2/jsr305-3.0.2.jar:/home/nineleaps/.m2/repository/org/projectlombok/lombok/1.18.26/lombok-1.18.26.jar:/home/nineleaps/.m2/repository/com/googlecode/json-simple/json-simple/1.1.1/json-simple-1.1.1.jar:/home/nineleaps/.m2/repository/io/jsonwebtoken/jjwt/0.9.1/jjwt-0.9.1.jar:/home/nineleaps/.m2/repository/com/auth0/java-jwt/3.8.1/java-jwt-3.8.1.jar:/home/nineleaps/.m2/repository/commons-codec/commons-codec/1.15/commons-codec-1.15.jar:/home/nineleaps/.m2/repository/com/sun/mail/javax.mail/1.6.2/javax.mail-1.6.2.jar:/home/nineleaps/.m2/repository/javax/activation/activation/1.1/activation-1.1.jar:/home/nineleaps/.m2/repository/junit/junit/4.13.2/junit-4.13.2.jar:/home/nineleaps/.m2/repository/org/hamcrest/hamcrest-core/2.2/hamcrest-core-2.2.jar:/home/nineleaps/.m2/repository/org/springframework/boot/spring-boot-starter-mail/2.7.10/spring-boot-starter-mail-2.7.10.jar:/home/nineleaps/.m2/repository/org/springframework/spring-context-support/5.3.26/spring-context-support-5.3.26.jar:/home/nineleaps/.m2/repository/com/sun/mail/jakarta.mail/1.6.7/jakarta.mail-1.6.7.jar:/home/nineleaps/.m2/repository/com/sun/activation/jakarta.activation/1.2.2/jakarta.activation-1.2.2.jar:/home/nineleaps/.m2/repository/org/apache/httpcomponents/httpclient/4.5.14/httpclient-4.5.14.jar:/home/nineleaps/.m2/repository/org/apache/httpcomponents/httpcore/4.4.16/httpcore-4.4.16.jar:/home/nineleaps/.m2/repository/com/google/zxing/core/3.4.1/core-3.4.1.jar:/home/nineleaps/.m2/repository/com/google/zxing/javase/3.4.1/javase-3.4.1.jar:/home/nineleaps/.m2/repository/com/beust/jcommander/1.78/jcommander-1.78.jar:/home/nineleaps/.m2/repository/com/github/jai-imageio/jai-imageio-core/1.4.0/jai-imageio-core-1.4.0.jar:/home/nineleaps/.m2/repository/com/fasterxml/jackson/core/jackson-databind/2.12.5/jackson-databind-2.12.5.jar:/home/nineleaps/.m2/repository/com/fasterxml/jackson/core/jackson-annotations/2.13.5/jackson-annotations-2.13.5.jar:/home/nineleaps/.m2/repository/com/fasterxml/jackson/core/jackson-core/2.13.5/jackson-core-2.13.5.jar:/home/nineleaps/.m2/repository/org/apache/poi/poi-ooxml/4.1.0/poi-ooxml-4.1.0.jar:/home/nineleaps/.m2/repository/org/apache/poi/poi-ooxml-schemas/4.1.0/poi-ooxml-schemas-4.1.0.jar:/home/nineleaps/.m2/repository/org/apache/xmlbeans/xmlbeans/3.1.0/xmlbeans-3.1.0.jar:/home/nineleaps/.m2/repository/org/apache/commons/commons-compress/1.18/commons-compress-1.18.jar:/home/nineleaps/.m2/repository/com/github/virtuald/curvesapi/1.06/curvesapi-1.06.jar:/home/nineleaps/.m2/repository/org/apache/poi/poi/3.17/poi-3.17.jar:/home/nineleaps/.m2/repository/org/apache/commons/commons-collections4/4.1/commons-collections4-4.1.jar:/home/nineleaps/.m2/repository/org/jfree/jfreechart/1.5.3/jfreechart-1.5.3.jar:/home/nineleaps/.m2/repository/org/springframework/boot/spring-boot-starter-security/2.7.10/spring-boot-starter-security-2.7.10.jar:/home/nineleaps/.m2/repository/org/springframework/spring-aop/5.3.26/spring-aop-5.3.26.jar:/home/nineleaps/.m2/repository/org/springframework/security/spring-security-config/5.7.7/spring-security-config-5.7.7.jar:/home/nineleaps/.m2/repository/org/springframework/security/spring-security-core/5.7.7/spring-security-core-5.7.7.jar:/home/nineleaps/.m2/repository/org/springframework/security/spring-security-crypto/5.7.7/spring-security-crypto-5.7.7.jar:/home/nineleaps/.m2/repository/org/springframework/security/spring-security-web/5.7.7/spring-security-web-5.7.7.jar:/home/nineleaps/.m2/repository/com/google/firebase/firebase-admin/6.11.0/firebase-admin-6.11.0.jar:/home/nineleaps/.m2/repository/com/google/api-client/google-api-client/1.30.1/google-api-client-1.30.1.jar:/home/nineleaps/.m2/repository/com/google/oauth-client/google-oauth-client/1.30.1/google-oauth-client-1.30.1.jar:/home/nineleaps/.m2/repository/com/google/http-client/google-http-client-jackson2/1.30.1/google-http-client-jackson2-1.30.1.jar:/home/nineleaps/.m2/repository/com/google/api-client/google-api-client-gson/1.30.1/google-api-client-gson-1.30.1.jar:/home/nineleaps/.m2/repository/com/google/http-client/google-http-client-gson/1.30.1/google-http-client-gson-1.30.1.jar:/home/nineleaps/.m2/repository/com/google/code/gson/gson/2.9.1/gson-2.9.1.jar:/home/nineleaps/.m2/repository/com/google/http-client/google-http-client/1.30.1/google-http-client-1.30.1.jar:/home/nineleaps/.m2/repository/com/google/j2objc/j2objc-annotations/1.3/j2objc-annotations-1.3.jar:/home/nineleaps/.m2/repository/io/opencensus/opencensus-api/0.21.0/opencensus-api-0.21.0.jar:/home/nineleaps/.m2/repository/io/grpc/grpc-context/1.19.0/grpc-context-1.19.0.jar:/home/nineleaps/.m2/repository/io/opencensus/opencensus-contrib-http-util/0.21.0/opencensus-contrib-http-util-0.21.0.jar:/home/nineleaps/.m2/repository/com/google/api/api-common/1.8.1/api-common-1.8.1.jar:/home/nineleaps/.m2/repository/javax/annotation/javax.annotation-api/1.3.2/javax.annotation-api-1.3.2.jar:/home/nineleaps/.m2/repository/com/google/auth/google-auth-library-oauth2-http/0.17.1/google-auth-library-oauth2-http-0.17.1.jar:/home/nineleaps/.m2/repository/com/google/auto/value/auto-value-annotations/1.6.6/auto-value-annotations-1.6.6.jar:/home/nineleaps/.m2/repository/com/google/auth/google-auth-library-credentials/0.17.1/google-auth-library-credentials-0.17.1.jar:/home/nineleaps/.m2/repository/com/google/cloud/google-cloud-storage/1.91.0/google-cloud-storage-1.91.0.jar:/home/nineleaps/.m2/repository/com/google/cloud/google-cloud-core-http/1.90.0/google-cloud-core-http-1.90.0.jar:/home/nineleaps/.m2/repository/com/google/cloud/google-cloud-core/1.90.0/google-cloud-core-1.90.0.jar:/home/nineleaps/.m2/repository/com/google/api/gax/1.48.1/gax-1.48.1.jar:/home/nineleaps/.m2/repository/com/google/protobuf/protobuf-java-util/3.9.1/protobuf-java-util-3.9.1.jar:/home/nineleaps/.m2/repository/com/google/errorprone/error_prone_annotations/2.3.2/error_prone_annotations-2.3.2.jar:/home/nineleaps/.m2/repository/com/google/api/grpc/proto-google-iam-v1/0.12.0/proto-google-iam-v1-0.12.0.jar:/home/nineleaps/.m2/repository/com/google/http-client/google-http-client-appengine/1.31.0/google-http-client-appengine-1.31.0.jar:/home/nineleaps/.m2/repository/com/google/api/gax-httpjson/0.65.1/gax-httpjson-0.65.1.jar:/home/nineleaps/.m2/repository/org/threeten/threetenbp/1.3.3/threetenbp-1.3.3.jar:/home/nineleaps/.m2/repository/com/google/apis/google-api-services-storage/v1-rev20190624-1.30.1/google-api-services-storage-v1-rev20190624-1.30.1.jar:/home/nineleaps/.m2/repository/com/google/cloud/google-cloud-firestore/1.21.0/google-cloud-firestore-1.21.0.jar:/home/nineleaps/.m2/repository/com/google/cloud/google-cloud-core-grpc/1.90.0/google-cloud-core-grpc-1.90.0.jar:/home/nineleaps/.m2/repository/com/google/api/gax-grpc/1.48.1/gax-grpc-1.48.1.jar:/home/nineleaps/.m2/repository/io/grpc/grpc-stub/1.23.0/grpc-stub-1.23.0.jar:/home/nineleaps/.m2/repository/io/grpc/grpc-api/1.23.0/grpc-api-1.23.0.jar:/home/nineleaps/.m2/repository/io/grpc/grpc-auth/1.23.0/grpc-auth-1.23.0.jar:/home/nineleaps/.m2/repository/io/grpc/grpc-protobuf/1.23.0/grpc-protobuf-1.23.0.jar:/home/nineleaps/.m2/repository/io/grpc/grpc-protobuf-lite/1.23.0/grpc-protobuf-lite-1.23.0.jar:/home/nineleaps/.m2/repository/io/grpc/grpc-netty-shaded/1.23.0/grpc-netty-shaded-1.23.0.jar:/home/nineleaps/.m2/repository/io/grpc/grpc-core/1.23.0/grpc-core-1.23.0.jar:/home/nineleaps/.m2/repository/com/google/android/annotations/4.1.1.4/annotations-4.1.1.4.jar:/home/nineleaps/.m2/repository/io/perfmark/perfmark-api/0.17.0/perfmark-api-0.17.0.jar:/home/nineleaps/.m2/repository/io/opencensus/opencensus-contrib-grpc-metrics/0.21.0/opencensus-contrib-grpc-metrics-0.21.0.jar:/home/nineleaps/.m2/repository/io/grpc/grpc-alts/1.23.0/grpc-alts-1.23.0.jar:/home/nineleaps/.m2/repository/io/grpc/grpc-grpclb/1.23.0/grpc-grpclb-1.23.0.jar:/home/nineleaps/.m2/repository/org/apache/commons/commons-lang3/3.12.0/commons-lang3-3.12.0.jar:/home/nineleaps/.m2/repository/com/google/api/grpc/proto-google-cloud-firestore-admin-v1/1.21.0/proto-google-cloud-firestore-admin-v1-1.21.0.jar:/home/nineleaps/.m2/repository/com/google/protobuf/protobuf-java/3.9.1/protobuf-java-3.9.1.jar:/home/nineleaps/.m2/repository/com/google/api/grpc/proto-google-common-protos/1.16.0/proto-google-common-protos-1.16.0.jar:/home/nineleaps/.m2/repository/com/google/api/grpc/proto-google-cloud-firestore-v1/1.21.0/proto-google-cloud-firestore-v1-1.21.0.jar:/home/nineleaps/.m2/repository/com/google/api/grpc/proto-google-cloud-firestore-v1beta1/0.74.0/proto-google-cloud-firestore-v1beta1-0.74.0.jar:/home/nineleaps/.m2/repository/io/opencensus/opencensus-contrib-grpc-util/0.23.0/opencensus-contrib-grpc-util-0.23.0.jar:/home/nineleaps/.m2/repository/com/google/guava/guava/26.0-android/guava-26.0-android.jar:/home/nineleaps/.m2/repository/org/checkerframework/checker-compat-qual/2.5.2/checker-compat-qual-2.5.2.jar:/home/nineleaps/.m2/repository/org/codehaus/mojo/animal-sniffer-annotations/1.14/animal-sniffer-annotations-1.14.jar:/home/nineleaps/.m2/repository/io/netty/netty-codec-http/4.1.90.Final/netty-codec-http-4.1.90.Final.jar:/home/nineleaps/.m2/repository/io/netty/netty-common/4.1.90.Final/netty-common-4.1.90.Final.jar:/home/nineleaps/.m2/repository/io/netty/netty-buffer/4.1.90.Final/netty-buffer-4.1.90.Final.jar:/home/nineleaps/.m2/repository/io/netty/netty-codec/4.1.90.Final/netty-codec-4.1.90.Final.jar:/home/nineleaps/.m2/repository/io/netty/netty-handler/4.1.90.Final/netty-handler-4.1.90.Final.jar:/home/nineleaps/.m2/repository/io/netty/netty-resolver/4.1.90.Final/netty-resolver-4.1.90.Final.jar:/home/nineleaps/.m2/repository/io/netty/netty-transport-native-unix-common/4.1.90.Final/netty-transport-native-unix-common-4.1.90.Final.jar:/home/nineleaps/.m2/repository/io/netty/netty-transport/4.1.90.Final/netty-transport-4.1.90.Final.jar:"/>
    <property name="sun.cpu.endian" value="little"/>
    <property name="user.home" value="/home/nineleaps"/>
    <property name="user.language" value="en"/>
    <property name="java.specification.vendor" value="Oracle Corporation"/>
    <property name="java.version.date" value="2023-08-24"/>
    <property name="java.home" value="/usr/lib/jvm/java-11-openjdk-amd64"/>
    <property name="file.separator" value="/"/>
    <property name="basedir" value="/home/nineleaps/Desktop/BillFold/BillFold"/>
    <property name="java.vm.compressedOopsMode" value="Zero based"/>
    <property name="line.separator" value="&#10;"/>
    <property name="java.specification.name" value="Java Platform API Specification"/>
    <property name="java.vm.specification.vendor" value="Oracle Corporation"/>
    <property name="java.awt.graphicsenv" value="sun.awt.X11GraphicsEnvironment"/>
    <property name="surefire.real.class.path" value="/home/nineleaps/Desktop/BillFold/BillFold/target/surefire/surefirebooter14572892767875692690.jar"/>
    <property name="sun.management.compiler" value="HotSpot 64-Bit Tiered Compilers"/>
    <property name="java.runtime.version" value="11.0.20.1+1-post-Ubuntu-0ubuntu120.04"/>
    <property name="user.name" value="nineleaps"/>
    <property name="path.separator" value=":"/>
    <property name="os.version" value="5.15.0-84-generic"/>
    <property name="java.runtime.name" value="OpenJDK Runtime Environment"/>
    <property name="file.encoding" value="UTF-8"/>
    <property name="java.vm.name" value="OpenJDK 64-Bit Server VM"/>
    <property name="localRepository" value="/home/nineleaps/.m2/repository"/>
    <property name="java.vendor.url.bug" value="https://bugs.launchpad.net/ubuntu/+source/openjdk-lts"/>
    <property name="java.io.tmpdir" value="/tmp"/>
    <property name="java.version" value="11.0.20.1"/>
    <property name="user.dir" value="/home/nineleaps/Desktop/BillFold/BillFold"/>
    <property name="os.arch" value="amd64"/>
    <property name="java.vm.specification.name" value="Java Virtual Machine Specification"/>
    <property name="java.awt.printerjob" value="sun.print.PSPrinterJob"/>
    <property name="sun.os.patch.level" value="unknown"/>
    <property name="sonar.projectKey" value="Billfold"/>
    <property name="java.library.path" value="/usr/java/packages/lib:/usr/lib/x86_64-linux-gnu/jni:/lib/x86_64-linux-gnu:/usr/lib/x86_64-linux-gnu:/usr/lib/jni:/lib:/usr/lib"/>
    <property name="java.vm.info" value="mixed mode, sharing"/>
    <property name="java.vendor" value="Ubuntu"/>
    <property name="java.vm.version" value="11.0.20.1+1-post-Ubuntu-0ubuntu120.04"/>
    <property name="java.specification.maintenance.version" value="2"/>
    <property name="sun.io.unicode.encoding" value="UnicodeLittle"/>
    <property name="java.class.version" value="55.0"/>
  </properties>
  <testcase name="testGenerateExcelReportForAllReports_BadRequest" classname="com.nineleaps.expense_management_project.controller.ExcelControllerTest" time="0.06"/>
  <testcase name="testGenerateExcelReportForCategoryBreakup_BadRequest" classname="com.nineleaps.expense_management_project.controller.ExcelControllerTest" time="0.001"/>
  <testcase name="testGenerateExcelReportForCategoryBreakup_Success" classname="com.nineleaps.expense_management_project.controller.ExcelControllerTest" time="0.002"/>
  <testcase name="testGenerateExcelReportForCategoryBreakup_NoData" classname="com.nineleaps.expense_management_project.controller.ExcelControllerTest" time="0.002"/>
  <testcase name="testGenerateExcelReportForAllReports_Success" classname="com.nineleaps.expense_management_project.controller.ExcelControllerTest" time="0.002"/>
  <testcase name="testGenerateExcelReportForAllReports_NoData" classname="com.nineleaps.expense_management_project.controller.ExcelControllerTest" time="0.002"/>
  <testcase name="testReimburseAndGenerateExcel_Success" classname="com.nineleaps.expense_management_project.controller.ExcelControllerTest" time="0.002"/>
  <testcase name="testReimburseAndGenerateExcel_NoData" classname="com.nineleaps.expense_management_project.controller.ExcelControllerTest" time="0.001"/>
</testsuite>